{"level":"info","message":"Doctor Panel Server running on port 3000","timestamp":"2024-12-07T20:48:57.478Z"}
{"level":"info","message":"Doctor Panel Server running on port 3000","timestamp":"2024-12-07T20:55:07.750Z"}
{"level":"info","message":"MongoDB Connected: cluster0-shard-00-01.bdose.mongodb.net","timestamp":"2024-12-07T20:55:09.189Z"}
{"level":"info","message":"Doctor Panel Server running on port 3000","timestamp":"2024-12-07T21:13:32.492Z"}
{"level":"info","message":"Doctor Panel Server running on port 3000","timestamp":"2024-12-07T21:13:51.502Z"}
{"level":"info","message":"Doctor Panel Server running on port 3000","timestamp":"2024-12-07T21:14:31.967Z"}
{"level":"info","message":"Doctor Panel Server running on port 3000","timestamp":"2024-12-07T21:14:41.949Z"}
{"level":"info","message":"Doctor Panel Server running on port 3000","timestamp":"2024-12-07T21:40:54.702Z"}
{"level":"info","message":"MongoDB Connected: cluster0-shard-00-00.bdose.mongodb.net","timestamp":"2024-12-07T21:40:56.228Z"}
{"level":"info","message":"Server running on port 3000","timestamp":"2024-12-07T22:20:40.160Z"}
{"level":"info","message":"Server running on port 3000","timestamp":"2024-12-07T22:29:31.534Z"}
{"level":"info","message":"MongoDB Connected: cluster0-shard-00-00.bdose.mongodb.net","timestamp":"2024-12-07T22:29:33.039Z"}
{"level":"info","message":"New user registered: balapa9830@kindomd.com","timestamp":"2024-12-07T22:32:45.959Z"}
{"level":"info","message":"Server running on port 3000","timestamp":"2024-12-07T22:42:02.012Z"}
{"level":"info","message":"MongoDB Connected: cluster0-shard-00-00.bdose.mongodb.net","timestamp":"2024-12-07T22:42:03.223Z"}
{"level":"info","message":"Server running on port 3000","timestamp":"2024-12-07T23:06:38.205Z"}
{"level":"info","message":"MongoDB Connected: cluster0-shard-00-00.bdose.mongodb.net","timestamp":"2024-12-07T23:06:39.550Z"}
{"level":"info","message":"Server running on port 3000","timestamp":"2024-12-07T23:15:10.610Z"}
{"level":"info","message":"MongoDB Connected: cluster0-shard-00-00.bdose.mongodb.net","timestamp":"2024-12-07T23:15:11.824Z"}
{"level":"info","message":"Server running on port 3000","timestamp":"2024-12-07T23:53:06.003Z"}
{"level":"info","message":"Server running on port 3000","timestamp":"2024-12-07T23:53:23.006Z"}
{"level":"error","message":"Login error: Operation `users.findOne()` buffering timed out after 10000ms","timestamp":"2024-12-07T23:57:05.107Z"}
{"level":"error","message":"Login error: Operation `users.findOne()` buffering timed out after 10000ms","timestamp":"2024-12-08T00:00:41.897Z"}
